0 info it worked if it ends with ok
1 verbose cli [ '/Users/huangziyi/.nvm/versions/node/v5.12.0/bin/node',
1 verbose cli   '/Users/huangziyi/.nvm/versions/node/v5.12.0/bin/npm',
1 verbose cli   'publish' ]
2 info using npm@3.8.6
3 info using node@v5.12.0
4 verbose publish [ '.' ]
5 silly cache add args [ '.', null ]
6 verbose cache add spec .
7 silly cache add parsed spec Result {
7 silly cache add   raw: '.',
7 silly cache add   scope: null,
7 silly cache add   name: null,
7 silly cache add   rawSpec: '.',
7 silly cache add   spec: '/Users/huangziyi/workspace/react-native-image-viewer',
7 silly cache add   type: 'directory' }
8 verbose addLocalDirectory /Users/huangziyi/.npm/react-native-image-zoom-viewer/2.0.2/package.tgz not in flight; packing
9 verbose correctMkdir /Users/huangziyi/.npm correctMkdir not in flight; initializing
10 info lifecycle react-native-image-zoom-viewer@2.0.2~prepublish: react-native-image-zoom-viewer@2.0.2
11 verbose lifecycle react-native-image-zoom-viewer@2.0.2~prepublish: unsafe-perm in lifecycle true
12 verbose lifecycle react-native-image-zoom-viewer@2.0.2~prepublish: PATH: /Users/huangziyi/.nvm/versions/node/v5.12.0/lib/node_modules/npm/bin/node-gyp-bin:/Users/huangziyi/workspace/react-native-image-viewer/node_modules/.bin:/Users/huangziyi/.nvm/versions/node/v5.12.0/bin:/Users/huangziyi/.nvm/versions/node/v5.12.0/bin:/usr/local/bin:/usr/bin:/bin:/usr/sbin:/sbin
13 verbose lifecycle react-native-image-zoom-viewer@2.0.2~prepublish: CWD: /Users/huangziyi/workspace/react-native-image-viewer
14 silly lifecycle react-native-image-zoom-viewer@2.0.2~prepublish: Args: [ '-c', 'rm -rf built && tsc' ]
15 silly lifecycle react-native-image-zoom-viewer@2.0.2~prepublish: Returned: code: 0  signal: null
16 verbose tar pack [ '/Users/huangziyi/.npm/react-native-image-zoom-viewer/2.0.2/package.tgz',
16 verbose tar pack   '/Users/huangziyi/workspace/react-native-image-viewer' ]
17 verbose tarball /Users/huangziyi/.npm/react-native-image-zoom-viewer/2.0.2/package.tgz
18 verbose folder /Users/huangziyi/workspace/react-native-image-viewer
19 verbose addLocalTarball adding from inside cache /Users/huangziyi/.npm/react-native-image-zoom-viewer/2.0.2/package.tgz
20 verbose correctMkdir /Users/huangziyi/.npm correctMkdir not in flight; initializing
21 silly cache afterAdd react-native-image-zoom-viewer@2.0.2
22 verbose afterAdd /Users/huangziyi/.npm/react-native-image-zoom-viewer/2.0.2/package/package.json not in flight; writing
23 verbose correctMkdir /Users/huangziyi/.npm correctMkdir not in flight; initializing
24 verbose afterAdd /Users/huangziyi/.npm/react-native-image-zoom-viewer/2.0.2/package/package.json written
25 silly publish { name: 'react-native-image-zoom-viewer',
25 silly publish   version: '2.0.2',
25 silly publish   description: '大图浏览',
25 silly publish   main: 'built/index.js',
25 silly publish   typings: 'index.ts',
25 silly publish   scripts: { tsc: 'tsc', prepublish: 'rm -rf built && tsc' },
25 silly publish   repository:
25 silly publish    { type: 'git',
25 silly publish      url: 'git+https://github.com/ascoders/react-native-image-viewer.git' },
25 silly publish   keywords: [ 'image-viewer' ],
25 silly publish   author: { name: 'ascoders' },
25 silly publish   license: 'ISC',
25 silly publish   dependencies:
25 silly publish    { 'nt-transmit-transparently': '^1.0.7',
25 silly publish      'react-native-image-pan-zoom': '^2.0.0' },
25 silly publish   peerDependencies: { react: '*', 'react-native': '*' },
25 silly publish   devDependencies:
25 silly publish    { '@types/react': '^15.0.23',
25 silly publish      '@types/react-native': '^0.43.9',
25 silly publish      typescript: '^2.3.2' },
25 silly publish   readme: '## Show Cases\n\n> Swiper image\n\n![1.gif](https://cloud.githubusercontent.com/assets/7970947/21086300/388dedfc-c056-11e6-955e-0a2a0b541f7f.gif)\n\n> Zoom while sliding\n\n![2.gif](https://cloud.githubusercontent.com/assets/7970947/21086323/7355face-c056-11e6-8d68-384000d41d47.gif)\n\n## Getting Started\n\n### Installation\n\n```bash\nnpm i react-native-image-zoom-viewer --save\n```\n\n### Basic Usage\n\n- Install react-native first\n\n```bash\n$ npm i react-native -g\n```\n\n- Initialization of a react-native project\n\n```bash\n$ react-native init myproject\n```\n\n- Then, edit myproject/index.ios.js, like this:\n\n```typescript\nimport React, { Component } from \'react\';\nimport {\n  AppRegistry,\n  StyleSheet,\n  Text,\n  View,\n  Modal\n} from \'react-native\';\n\nimport ImageViewer from \'react-native-image-zoom-viewer\';\n\nconst images = [{\n    url: \'https://avatars2.githubusercontent.com/u/7970947?v=3&s=460\'\n}, {\n    url: \'https://avatars2.githubusercontent.com/u/7970947?v=3&s=460\'\n}, {\n    url: \'https://avatars2.githubusercontent.com/u/7970947?v=3&s=460\'\n}]\n\nclass ImageViewer extends React.Component {\n    render: function() {\n        return (\n            <Modal visible={true} transparent={true}>\n                <ImageViewer imageUrls={images}/>\n            </Modal>\n        )\n    }\n}\n\nAppRegistry.registerComponent(\'myproject\', () => ImageViewer);\n```\n\n### Document\n\n![image](https://cloud.githubusercontent.com/assets/7970947/21376663/ea10baf6-c771-11e6-9570-af3333428343.png)\n\n### How to build\n\n```bash\nyarn\nnpm run tsc\n```\n\n### Dependence\n\nDepend on `react-native-image-pan-zoom`: https://github.com/ascoders/react-native-image-zoom\n',
25 silly publish   readmeFilename: 'readme.md',
25 silly publish   gitHead: '9dbd828041224e8e41e0c444cece23b473a1c4fc',
25 silly publish   bugs: { url: 'https://github.com/ascoders/react-native-image-viewer/issues' },
25 silly publish   homepage: 'https://github.com/ascoders/react-native-image-viewer#readme',
25 silly publish   _id: 'react-native-image-zoom-viewer@2.0.2',
25 silly publish   _shasum: '5c11b45848ef87457e368ad9033a8ce4daf67f3b',
25 silly publish   _from: '.' }
26 verbose getPublishConfig undefined
27 silly mapToRegistry name react-native-image-zoom-viewer
28 silly mapToRegistry using default registry
29 silly mapToRegistry registry https://registry.npmjs.org/
30 silly mapToRegistry data Result {
30 silly mapToRegistry   raw: 'react-native-image-zoom-viewer',
30 silly mapToRegistry   scope: null,
30 silly mapToRegistry   name: 'react-native-image-zoom-viewer',
30 silly mapToRegistry   rawSpec: '',
30 silly mapToRegistry   spec: 'latest',
30 silly mapToRegistry   type: 'tag' }
31 silly mapToRegistry uri https://registry.npmjs.org/react-native-image-zoom-viewer
32 verbose publish registryBase https://registry.npmjs.org/
33 silly publish uploading /Users/huangziyi/.npm/react-native-image-zoom-viewer/2.0.2/package.tgz
34 verbose request uri https://registry.npmjs.org/react-native-image-zoom-viewer
35 verbose request sending authorization for write operation
36 info attempt registry request try #1 at 14:43:03
37 verbose request using bearer token for auth
38 verbose request id 354fefe77eb758bc
39 http request PUT https://registry.npmjs.org/react-native-image-zoom-viewer
40 http 403 https://registry.npmjs.org/react-native-image-zoom-viewer
41 verbose headers { 'content-type': 'application/json',
41 verbose headers   'cache-control': 'max-age=300',
41 verbose headers   'content-length': '95',
41 verbose headers   'accept-ranges': 'bytes',
41 verbose headers   date: 'Thu, 04 May 2017 06:43:04 GMT',
41 verbose headers   via: '1.1 varnish',
41 verbose headers   connection: 'keep-alive',
41 verbose headers   'x-served-by': 'cache-nrt6132-NRT',
41 verbose headers   'x-cache': 'MISS',
41 verbose headers   'x-cache-hits': '0',
41 verbose headers   'x-timer': 'S1493880184.798314,VS0,VE246',
41 verbose headers   vary: 'Accept-Encoding' }
42 verbose request invalidating /Users/huangziyi/.npm/registry.npmjs.org/react-native-image-zoom-viewer on PUT
43 error publish Failed PUT 403
44 verbose stack Error: "You cannot publish over the previously published version 2.0.2." : react-native-image-zoom-viewer
44 verbose stack     at makeError (/Users/huangziyi/.nvm/versions/node/v5.12.0/lib/node_modules/npm/node_modules/npm-registry-client/lib/request.js:264:12)
44 verbose stack     at CachingRegistryClient.<anonymous> (/Users/huangziyi/.nvm/versions/node/v5.12.0/lib/node_modules/npm/node_modules/npm-registry-client/lib/request.js:252:14)
44 verbose stack     at Request._callback (/Users/huangziyi/.nvm/versions/node/v5.12.0/lib/node_modules/npm/node_modules/npm-registry-client/lib/request.js:172:14)
44 verbose stack     at Request.self.callback (/Users/huangziyi/.nvm/versions/node/v5.12.0/lib/node_modules/npm/node_modules/request/request.js:199:22)
44 verbose stack     at emitTwo (events.js:100:13)
44 verbose stack     at Request.emit (events.js:185:7)
44 verbose stack     at Request.<anonymous> (/Users/huangziyi/.nvm/versions/node/v5.12.0/lib/node_modules/npm/node_modules/request/request.js:1036:10)
44 verbose stack     at emitOne (events.js:95:20)
44 verbose stack     at Request.emit (events.js:182:7)
44 verbose stack     at IncomingMessage.<anonymous> (/Users/huangziyi/.nvm/versions/node/v5.12.0/lib/node_modules/npm/node_modules/request/request.js:963:12)
45 verbose statusCode 403
46 verbose pkgid react-native-image-zoom-viewer
47 verbose cwd /Users/huangziyi/workspace/react-native-image-viewer
48 error Darwin 16.5.0
49 error argv "/Users/huangziyi/.nvm/versions/node/v5.12.0/bin/node" "/Users/huangziyi/.nvm/versions/node/v5.12.0/bin/npm" "publish"
50 error node v5.12.0
51 error npm  v3.8.6
52 error code E403
53 error "You cannot publish over the previously published version 2.0.2." : react-native-image-zoom-viewer
54 error If you need help, you may report this error at:
54 error     <https://github.com/npm/npm/issues>
55 verbose exit [ 1, true ]
